::1 - - [25/Jul/2019:21:48:02 +0000] "GET /addresstype/active HTTP/1.1" 200 184 "-" "Mozilla/5.0 (Windows NT 10.0; Win64; x64) AppleWebKit/537.36 (KHTML, like Gecko) Chrome/74.0.3729.172 Safari/537.36 Vivaldi/2.5.1525.48"
::1 - - [25/Jul/2019:21:48:10 +0000] "GET /addresstype/79 HTTP/1.1" 200 112 "http://localhost:4200/" "Mozilla/5.0 (Windows NT 10.0; Win64; x64) AppleWebKit/537.36 (KHTML, like Gecko) Chrome/74.0.3729.172 Safari/537.36 Vivaldi/2.5.1525.48"
::1 - - [25/Jul/2019:21:48:13 +0000] "PUT /addresstype HTTP/1.1" 200 113 "http://localhost:4200/" "Mozilla/5.0 (Windows NT 10.0; Win64; x64) AppleWebKit/537.36 (KHTML, like Gecko) Chrome/74.0.3729.172 Safari/537.36 Vivaldi/2.5.1525.48"
::1 - - [25/Jul/2019:21:48:13 +0000] "GET /addresstype/ HTTP/1.1" 200 116 "http://localhost:4200/" "Mozilla/5.0 (Windows NT 10.0; Win64; x64) AppleWebKit/537.36 (KHTML, like Gecko) Chrome/74.0.3729.172 Safari/537.36 Vivaldi/2.5.1525.48"
::1 - - [25/Jul/2019:21:48:22 +0000] "GET /addresstype/active HTTP/1.1" 200 116 "-" "Mozilla/5.0 (Windows NT 10.0; Win64; x64) AppleWebKit/537.36 (KHTML, like Gecko) Chrome/74.0.3729.172 Safari/537.36 Vivaldi/2.5.1525.48"
::1 - - [25/Jul/2019:21:48:30 +0000] "GET /addresstype HTTP/1.1" 200 116 "-" "Mozilla/5.0 (Windows NT 10.0; Win64; x64) AppleWebKit/537.36 (KHTML, like Gecko) Chrome/74.0.3729.172 Safari/537.36 Vivaldi/2.5.1525.48"
::1 - - [25/Jul/2019:21:49:12 +0000] "GET /addresstype HTTP/1.1" 200 185 "-" "Mozilla/5.0 (Windows NT 10.0; Win64; x64) AppleWebKit/537.36 (KHTML, like Gecko) Chrome/74.0.3729.172 Safari/537.36 Vivaldi/2.5.1525.48"
::1 - - [25/Jul/2019:21:49:16 +0000] "GET /addresstype/active HTTP/1.1" 304 - "-" "Mozilla/5.0 (Windows NT 10.0; Win64; x64) AppleWebKit/537.36 (KHTML, like Gecko) Chrome/74.0.3729.172 Safari/537.36 Vivaldi/2.5.1525.48"
::1 - - [25/Jul/2019:21:49:31 +0000] "GET /addresstype/ HTTP/1.1" 200 185 "http://localhost:4200/" "Mozilla/5.0 (Windows NT 10.0; Win64; x64) AppleWebKit/537.36 (KHTML, like Gecko) Chrome/74.0.3729.172 Safari/537.36 Vivaldi/2.5.1525.48"
::1 - - [25/Jul/2019:21:51:01 +0000] "GET /addresstype/ HTTP/1.1" 304 - "http://localhost:4200/" "Mozilla/5.0 (Windows NT 10.0; Win64; x64) AppleWebKit/537.36 (KHTML, like Gecko) Chrome/74.0.3729.172 Safari/537.36 Vivaldi/2.5.1525.48"
::1 - - [25/Jul/2019:21:51:43 +0000] "GET /addresstype/ HTTP/1.1" 304 - "http://localhost:4200/" "Mozilla/5.0 (Windows NT 10.0; Win64; x64) AppleWebKit/537.36 (KHTML, like Gecko) Chrome/74.0.3729.172 Safari/537.36 Vivaldi/2.5.1525.48"
::1 - - [25/Jul/2019:21:51:51 +0000] "GET /addresstype/active/ HTTP/1.1" 200 116 "http://localhost:4200/" "Mozilla/5.0 (Windows NT 10.0; Win64; x64) AppleWebKit/537.36 (KHTML, like Gecko) Chrome/74.0.3729.172 Safari/537.36 Vivaldi/2.5.1525.48"
::1 - - [25/Jul/2019:21:51:52 +0000] "GET /addresstype/active/ HTTP/1.1" 304 - "http://localhost:4200/" "Mozilla/5.0 (Windows NT 10.0; Win64; x64) AppleWebKit/537.36 (KHTML, like Gecko) Chrome/74.0.3729.172 Safari/537.36 Vivaldi/2.5.1525.48"
::1 - - [25/Jul/2019:21:51:53 +0000] "GET /addresstype/active/ HTTP/1.1" 304 - "http://localhost:4200/" "Mozilla/5.0 (Windows NT 10.0; Win64; x64) AppleWebKit/537.36 (KHTML, like Gecko) Chrome/74.0.3729.172 Safari/537.36 Vivaldi/2.5.1525.48"
::1 - - [25/Jul/2019:21:51:54 +0000] "GET /addresstype/active/ HTTP/1.1" 304 - "http://localhost:4200/" "Mozilla/5.0 (Windows NT 10.0; Win64; x64) AppleWebKit/537.36 (KHTML, like Gecko) Chrome/74.0.3729.172 Safari/537.36 Vivaldi/2.5.1525.48"
::1 - - [25/Jul/2019:21:53:53 +0000] "GET /addresstype/ HTTP/1.1" 304 - "http://localhost:4200/" "Mozilla/5.0 (Windows NT 10.0; Win64; x64) AppleWebKit/537.36 (KHTML, like Gecko) Chrome/74.0.3729.172 Safari/537.36 Vivaldi/2.5.1525.48"
::1 - - [25/Jul/2019:21:54:31 +0000] "GET /addresstype/ HTTP/1.1" 304 - "http://localhost:4200/" "Mozilla/5.0 (Windows NT 10.0; Win64; x64) AppleWebKit/537.36 (KHTML, like Gecko) Chrome/74.0.3729.172 Safari/537.36 Vivaldi/2.5.1525.48"
::1 - - [25/Jul/2019:21:54:56 +0000] "GET /addresstype/ HTTP/1.1" 304 - "http://localhost:4200/" "Mozilla/5.0 (Windows NT 10.0; Win64; x64) AppleWebKit/537.36 (KHTML, like Gecko) Chrome/74.0.3729.172 Safari/537.36 Vivaldi/2.5.1525.48"
::1 - - [25/Jul/2019:21:54:57 +0000] "GET /addresstype/ HTTP/1.1" 304 - "http://localhost:4200/" "Mozilla/5.0 (Windows NT 10.0; Win64; x64) AppleWebKit/537.36 (KHTML, like Gecko) Chrome/74.0.3729.172 Safari/537.36 Vivaldi/2.5.1525.48"
::1 - - [25/Jul/2019:21:55:45 +0000] "GET /addresstype/ HTTP/1.1" 304 - "http://localhost:4200/" "Mozilla/5.0 (Windows NT 10.0; Win64; x64) AppleWebKit/537.36 (KHTML, like Gecko) Chrome/74.0.3729.172 Safari/537.36 Vivaldi/2.5.1525.48"
::1 - - [25/Jul/2019:21:55:48 +0000] "GET /addresstype/active/ HTTP/1.1" 304 - "http://localhost:4200/" "Mozilla/5.0 (Windows NT 10.0; Win64; x64) AppleWebKit/537.36 (KHTML, like Gecko) Chrome/74.0.3729.172 Safari/537.36 Vivaldi/2.5.1525.48"
::1 - - [25/Jul/2019:21:55:49 +0000] "GET /addresstype/ HTTP/1.1" 304 - "http://localhost:4200/" "Mozilla/5.0 (Windows NT 10.0; Win64; x64) AppleWebKit/537.36 (KHTML, like Gecko) Chrome/74.0.3729.172 Safari/537.36 Vivaldi/2.5.1525.48"
::1 - - [25/Jul/2019:21:55:50 +0000] "GET /addresstype/active/ HTTP/1.1" 304 - "http://localhost:4200/" "Mozilla/5.0 (Windows NT 10.0; Win64; x64) AppleWebKit/537.36 (KHTML, like Gecko) Chrome/74.0.3729.172 Safari/537.36 Vivaldi/2.5.1525.48"
::1 - - [25/Jul/2019:21:55:51 +0000] "GET /addresstype/ HTTP/1.1" 304 - "http://localhost:4200/" "Mozilla/5.0 (Windows NT 10.0; Win64; x64) AppleWebKit/537.36 (KHTML, like Gecko) Chrome/74.0.3729.172 Safari/537.36 Vivaldi/2.5.1525.48"
::1 - - [25/Jul/2019:21:55:52 +0000] "GET /addresstype/active/ HTTP/1.1" 304 - "http://localhost:4200/" "Mozilla/5.0 (Windows NT 10.0; Win64; x64) AppleWebKit/537.36 (KHTML, like Gecko) Chrome/74.0.3729.172 Safari/537.36 Vivaldi/2.5.1525.48"
::1 - - [25/Jul/2019:21:55:53 +0000] "GET /addresstype/ HTTP/1.1" 304 - "http://localhost:4200/" "Mozilla/5.0 (Windows NT 10.0; Win64; x64) AppleWebKit/537.36 (KHTML, like Gecko) Chrome/74.0.3729.172 Safari/537.36 Vivaldi/2.5.1525.48"
::1 - - [25/Jul/2019:21:55:54 +0000] "GET /addresstype/active/ HTTP/1.1" 304 - "http://localhost:4200/" "Mozilla/5.0 (Windows NT 10.0; Win64; x64) AppleWebKit/537.36 (KHTML, like Gecko) Chrome/74.0.3729.172 Safari/537.36 Vivaldi/2.5.1525.48"
::1 - - [25/Jul/2019:21:55:55 +0000] "GET /addresstype/ HTTP/1.1" 304 - "http://localhost:4200/" "Mozilla/5.0 (Windows NT 10.0; Win64; x64) AppleWebKit/537.36 (KHTML, like Gecko) Chrome/74.0.3729.172 Safari/537.36 Vivaldi/2.5.1525.48"
::1 - - [25/Jul/2019:21:55:56 +0000] "GET /addresstype/active/ HTTP/1.1" 304 - "http://localhost:4200/" "Mozilla/5.0 (Windows NT 10.0; Win64; x64) AppleWebKit/537.36 (KHTML, like Gecko) Chrome/74.0.3729.172 Safari/537.36 Vivaldi/2.5.1525.48"
::1 - - [25/Jul/2019:21:55:57 +0000] "GET /addresstype/ HTTP/1.1" 304 - "http://localhost:4200/" "Mozilla/5.0 (Windows NT 10.0; Win64; x64) AppleWebKit/537.36 (KHTML, like Gecko) Chrome/74.0.3729.172 Safari/537.36 Vivaldi/2.5.1525.48"
::1 - - [25/Jul/2019:21:55:58 +0000] "GET /addresstype/active/ HTTP/1.1" 304 - "http://localhost:4200/" "Mozilla/5.0 (Windows NT 10.0; Win64; x64) AppleWebKit/537.36 (KHTML, like Gecko) Chrome/74.0.3729.172 Safari/537.36 Vivaldi/2.5.1525.48"
::1 - - [25/Jul/2019:21:55:59 +0000] "GET /addresstype/ HTTP/1.1" 304 - "http://localhost:4200/" "Mozilla/5.0 (Windows NT 10.0; Win64; x64) AppleWebKit/537.36 (KHTML, like Gecko) Chrome/74.0.3729.172 Safari/537.36 Vivaldi/2.5.1525.48"
::1 - - [25/Jul/2019:21:56:00 +0000] "GET /addresstype/active/ HTTP/1.1" 304 - "http://localhost:4200/" "Mozilla/5.0 (Windows NT 10.0; Win64; x64) AppleWebKit/537.36 (KHTML, like Gecko) Chrome/74.0.3729.172 Safari/537.36 Vivaldi/2.5.1525.48"
::1 - - [25/Jul/2019:21:56:01 +0000] "GET /addresstype/ HTTP/1.1" 304 - "http://localhost:4200/" "Mozilla/5.0 (Windows NT 10.0; Win64; x64) AppleWebKit/537.36 (KHTML, like Gecko) Chrome/74.0.3729.172 Safari/537.36 Vivaldi/2.5.1525.48"
::1 - - [25/Jul/2019:21:56:01 +0000] "GET /addresstype/active/ HTTP/1.1" 304 - "http://localhost:4200/" "Mozilla/5.0 (Windows NT 10.0; Win64; x64) AppleWebKit/537.36 (KHTML, like Gecko) Chrome/74.0.3729.172 Safari/537.36 Vivaldi/2.5.1525.48"
::1 - - [25/Jul/2019:21:56:02 +0000] "GET /addresstype/ HTTP/1.1" 304 - "http://localhost:4200/" "Mozilla/5.0 (Windows NT 10.0; Win64; x64) AppleWebKit/537.36 (KHTML, like Gecko) Chrome/74.0.3729.172 Safari/537.36 Vivaldi/2.5.1525.48"
::1 - - [25/Jul/2019:21:56:02 +0000] "GET /addresstype/active/ HTTP/1.1" 304 - "http://localhost:4200/" "Mozilla/5.0 (Windows NT 10.0; Win64; x64) AppleWebKit/537.36 (KHTML, like Gecko) Chrome/74.0.3729.172 Safari/537.36 Vivaldi/2.5.1525.48"
::1 - - [25/Jul/2019:21:56:02 +0000] "GET /addresstype/ HTTP/1.1" 304 - "http://localhost:4200/" "Mozilla/5.0 (Windows NT 10.0; Win64; x64) AppleWebKit/537.36 (KHTML, like Gecko) Chrome/74.0.3729.172 Safari/537.36 Vivaldi/2.5.1525.48"
::1 - - [25/Jul/2019:21:56:03 +0000] "GET /addresstype/active/ HTTP/1.1" 304 - "http://localhost:4200/" "Mozilla/5.0 (Windows NT 10.0; Win64; x64) AppleWebKit/537.36 (KHTML, like Gecko) Chrome/74.0.3729.172 Safari/537.36 Vivaldi/2.5.1525.48"
::1 - - [25/Jul/2019:21:56:03 +0000] "GET /addresstype/ HTTP/1.1" 304 - "http://localhost:4200/" "Mozilla/5.0 (Windows NT 10.0; Win64; x64) AppleWebKit/537.36 (KHTML, like Gecko) Chrome/74.0.3729.172 Safari/537.36 Vivaldi/2.5.1525.48"
::1 - - [25/Jul/2019:21:56:04 +0000] "GET /addresstype/active/ HTTP/1.1" 304 - "http://localhost:4200/" "Mozilla/5.0 (Windows NT 10.0; Win64; x64) AppleWebKit/537.36 (KHTML, like Gecko) Chrome/74.0.3729.172 Safari/537.36 Vivaldi/2.5.1525.48"
::1 - - [25/Jul/2019:21:56:04 +0000] "GET /addresstype/ HTTP/1.1" 304 - "http://localhost:4200/" "Mozilla/5.0 (Windows NT 10.0; Win64; x64) AppleWebKit/537.36 (KHTML, like Gecko) Chrome/74.0.3729.172 Safari/537.36 Vivaldi/2.5.1525.48"
::1 - - [25/Jul/2019:21:56:04 +0000] "GET /addresstype/active/ HTTP/1.1" 304 - "http://localhost:4200/" "Mozilla/5.0 (Windows NT 10.0; Win64; x64) AppleWebKit/537.36 (KHTML, like Gecko) Chrome/74.0.3729.172 Safari/537.36 Vivaldi/2.5.1525.48"
::1 - - [25/Jul/2019:21:56:05 +0000] "GET /addresstype/ HTTP/1.1" 304 - "http://localhost:4200/" "Mozilla/5.0 (Windows NT 10.0; Win64; x64) AppleWebKit/537.36 (KHTML, like Gecko) Chrome/74.0.3729.172 Safari/537.36 Vivaldi/2.5.1525.48"
::1 - - [25/Jul/2019:21:56:05 +0000] "GET /addresstype/active/ HTTP/1.1" 304 - "http://localhost:4200/" "Mozilla/5.0 (Windows NT 10.0; Win64; x64) AppleWebKit/537.36 (KHTML, like Gecko) Chrome/74.0.3729.172 Safari/537.36 Vivaldi/2.5.1525.48"
::1 - - [25/Jul/2019:21:56:05 +0000] "GET /addresstype/ HTTP/1.1" 304 - "http://localhost:4200/" "Mozilla/5.0 (Windows NT 10.0; Win64; x64) AppleWebKit/537.36 (KHTML, like Gecko) Chrome/74.0.3729.172 Safari/537.36 Vivaldi/2.5.1525.48"
::1 - - [25/Jul/2019:21:56:05 +0000] "GET /addresstype/active/ HTTP/1.1" 304 - "http://localhost:4200/" "Mozilla/5.0 (Windows NT 10.0; Win64; x64) AppleWebKit/537.36 (KHTML, like Gecko) Chrome/74.0.3729.172 Safari/537.36 Vivaldi/2.5.1525.48"
::1 - - [25/Jul/2019:21:56:06 +0000] "GET /addresstype/ HTTP/1.1" 304 - "http://localhost:4200/" "Mozilla/5.0 (Windows NT 10.0; Win64; x64) AppleWebKit/537.36 (KHTML, like Gecko) Chrome/74.0.3729.172 Safari/537.36 Vivaldi/2.5.1525.48"
::1 - - [25/Jul/2019:21:56:06 +0000] "GET /addresstype/active/ HTTP/1.1" 304 - "http://localhost:4200/" "Mozilla/5.0 (Windows NT 10.0; Win64; x64) AppleWebKit/537.36 (KHTML, like Gecko) Chrome/74.0.3729.172 Safari/537.36 Vivaldi/2.5.1525.48"
::1 - - [25/Jul/2019:21:56:06 +0000] "GET /addresstype/ HTTP/1.1" 304 - "http://localhost:4200/" "Mozilla/5.0 (Windows NT 10.0; Win64; x64) AppleWebKit/537.36 (KHTML, like Gecko) Chrome/74.0.3729.172 Safari/537.36 Vivaldi/2.5.1525.48"
::1 - - [25/Jul/2019:21:56:06 +0000] "GET /addresstype/active/ HTTP/1.1" 304 - "http://localhost:4200/" "Mozilla/5.0 (Windows NT 10.0; Win64; x64) AppleWebKit/537.36 (KHTML, like Gecko) Chrome/74.0.3729.172 Safari/537.36 Vivaldi/2.5.1525.48"
::1 - - [25/Jul/2019:21:56:06 +0000] "GET /addresstype/ HTTP/1.1" 304 - "http://localhost:4200/" "Mozilla/5.0 (Windows NT 10.0; Win64; x64) AppleWebKit/537.36 (KHTML, like Gecko) Chrome/74.0.3729.172 Safari/537.36 Vivaldi/2.5.1525.48"
::1 - - [25/Jul/2019:21:56:06 +0000] "GET /addresstype/active/ HTTP/1.1" 304 - "http://localhost:4200/" "Mozilla/5.0 (Windows NT 10.0; Win64; x64) AppleWebKit/537.36 (KHTML, like Gecko) Chrome/74.0.3729.172 Safari/537.36 Vivaldi/2.5.1525.48"
::1 - - [25/Jul/2019:21:56:07 +0000] "GET /addresstype/ HTTP/1.1" 304 - "http://localhost:4200/" "Mozilla/5.0 (Windows NT 10.0; Win64; x64) AppleWebKit/537.36 (KHTML, like Gecko) Chrome/74.0.3729.172 Safari/537.36 Vivaldi/2.5.1525.48"
::1 - - [25/Jul/2019:21:56:07 +0000] "GET /addresstype/active/ HTTP/1.1" 304 - "http://localhost:4200/" "Mozilla/5.0 (Windows NT 10.0; Win64; x64) AppleWebKit/537.36 (KHTML, like Gecko) Chrome/74.0.3729.172 Safari/537.36 Vivaldi/2.5.1525.48"
::1 - - [25/Jul/2019:21:56:07 +0000] "GET /addresstype/ HTTP/1.1" 304 - "http://localhost:4200/" "Mozilla/5.0 (Windows NT 10.0; Win64; x64) AppleWebKit/537.36 (KHTML, like Gecko) Chrome/74.0.3729.172 Safari/537.36 Vivaldi/2.5.1525.48"
::1 - - [25/Jul/2019:21:56:34 +0000] "GET /addresstype/active/ HTTP/1.1" 304 - "http://localhost:4200/" "Mozilla/5.0 (Windows NT 10.0; Win64; x64) AppleWebKit/537.36 (KHTML, like Gecko) Chrome/74.0.3729.172 Safari/537.36 Vivaldi/2.5.1525.48"
::1 - - [25/Jul/2019:21:56:35 +0000] "GET /addresstype/ HTTP/1.1" 304 - "http://localhost:4200/" "Mozilla/5.0 (Windows NT 10.0; Win64; x64) AppleWebKit/537.36 (KHTML, like Gecko) Chrome/74.0.3729.172 Safari/537.36 Vivaldi/2.5.1525.48"
::1 - - [25/Jul/2019:21:56:36 +0000] "GET /addresstype/active/ HTTP/1.1" 304 - "http://localhost:4200/" "Mozilla/5.0 (Windows NT 10.0; Win64; x64) AppleWebKit/537.36 (KHTML, like Gecko) Chrome/74.0.3729.172 Safari/537.36 Vivaldi/2.5.1525.48"
::1 - - [25/Jul/2019:21:56:37 +0000] "GET /addresstype/ HTTP/1.1" 304 - "http://localhost:4200/" "Mozilla/5.0 (Windows NT 10.0; Win64; x64) AppleWebKit/537.36 (KHTML, like Gecko) Chrome/74.0.3729.172 Safari/537.36 Vivaldi/2.5.1525.48"
::1 - - [25/Jul/2019:21:56:38 +0000] "GET /addresstype/79 HTTP/1.1" 200 113 "http://localhost:4200/" "Mozilla/5.0 (Windows NT 10.0; Win64; x64) AppleWebKit/537.36 (KHTML, like Gecko) Chrome/74.0.3729.172 Safari/537.36 Vivaldi/2.5.1525.48"
::1 - - [25/Jul/2019:21:56:40 +0000] "PUT /addresstype HTTP/1.1" 200 112 "http://localhost:4200/" "Mozilla/5.0 (Windows NT 10.0; Win64; x64) AppleWebKit/537.36 (KHTML, like Gecko) Chrome/74.0.3729.172 Safari/537.36 Vivaldi/2.5.1525.48"
::1 - - [25/Jul/2019:21:56:41 +0000] "GET /addresstype/ HTTP/1.1" 200 184 "http://localhost:4200/" "Mozilla/5.0 (Windows NT 10.0; Win64; x64) AppleWebKit/537.36 (KHTML, like Gecko) Chrome/74.0.3729.172 Safari/537.36 Vivaldi/2.5.1525.48"
::1 - - [25/Jul/2019:21:56:43 +0000] "GET /addresstype/active/ HTTP/1.1" 200 184 "http://localhost:4200/" "Mozilla/5.0 (Windows NT 10.0; Win64; x64) AppleWebKit/537.36 (KHTML, like Gecko) Chrome/74.0.3729.172 Safari/537.36 Vivaldi/2.5.1525.48"
::1 - - [25/Jul/2019:21:56:44 +0000] "GET /addresstype/ HTTP/1.1" 304 - "http://localhost:4200/" "Mozilla/5.0 (Windows NT 10.0; Win64; x64) AppleWebKit/537.36 (KHTML, like Gecko) Chrome/74.0.3729.172 Safari/537.36 Vivaldi/2.5.1525.48"
::1 - - [25/Jul/2019:21:56:45 +0000] "GET /addresstype/79 HTTP/1.1" 200 112 "http://localhost:4200/" "Mozilla/5.0 (Windows NT 10.0; Win64; x64) AppleWebKit/537.36 (KHTML, like Gecko) Chrome/74.0.3729.172 Safari/537.36 Vivaldi/2.5.1525.48"
::1 - - [25/Jul/2019:21:56:47 +0000] "PUT /addresstype HTTP/1.1" 200 113 "http://localhost:4200/" "Mozilla/5.0 (Windows NT 10.0; Win64; x64) AppleWebKit/537.36 (KHTML, like Gecko) Chrome/74.0.3729.172 Safari/537.36 Vivaldi/2.5.1525.48"
::1 - - [25/Jul/2019:21:56:47 +0000] "GET /addresstype/ HTTP/1.1" 200 185 "http://localhost:4200/" "Mozilla/5.0 (Windows NT 10.0; Win64; x64) AppleWebKit/537.36 (KHTML, like Gecko) Chrome/74.0.3729.172 Safari/537.36 Vivaldi/2.5.1525.48"
::1 - - [25/Jul/2019:21:56:48 +0000] "GET /addresstype/78 HTTP/1.1" 200 114 "http://localhost:4200/" "Mozilla/5.0 (Windows NT 10.0; Win64; x64) AppleWebKit/537.36 (KHTML, like Gecko) Chrome/74.0.3729.172 Safari/537.36 Vivaldi/2.5.1525.48"
::1 - - [25/Jul/2019:21:56:50 +0000] "PUT /addresstype HTTP/1.1" 200 115 "http://localhost:4200/" "Mozilla/5.0 (Windows NT 10.0; Win64; x64) AppleWebKit/537.36 (KHTML, like Gecko) Chrome/74.0.3729.172 Safari/537.36 Vivaldi/2.5.1525.48"
::1 - - [25/Jul/2019:21:56:50 +0000] "GET /addresstype/ HTTP/1.1" 200 186 "http://localhost:4200/" "Mozilla/5.0 (Windows NT 10.0; Win64; x64) AppleWebKit/537.36 (KHTML, like Gecko) Chrome/74.0.3729.172 Safari/537.36 Vivaldi/2.5.1525.48"
::1 - - [25/Jul/2019:21:56:51 +0000] "GET /addresstype/active/ HTTP/1.1" 200 47 "http://localhost:4200/" "Mozilla/5.0 (Windows NT 10.0; Win64; x64) AppleWebKit/537.36 (KHTML, like Gecko) Chrome/74.0.3729.172 Safari/537.36 Vivaldi/2.5.1525.48"
::1 - - [25/Jul/2019:21:56:53 +0000] "GET /addresstype/ HTTP/1.1" 304 - "http://localhost:4200/" "Mozilla/5.0 (Windows NT 10.0; Win64; x64) AppleWebKit/537.36 (KHTML, like Gecko) Chrome/74.0.3729.172 Safari/537.36 Vivaldi/2.5.1525.48"
::1 - - [25/Jul/2019:21:58:05 +0000] "GET /addresstype/ HTTP/1.1" 304 - "http://localhost:4200/" "Mozilla/5.0 (Windows NT 10.0; Win64; x64) AppleWebKit/537.36 (KHTML, like Gecko) Chrome/74.0.3729.172 Safari/537.36 Vivaldi/2.5.1525.48"
::1 - - [25/Jul/2019:21:58:15 +0000] "GET /addresstype/ HTTP/1.1" 304 - "http://localhost:4200/" "Mozilla/5.0 (Windows NT 10.0; Win64; x64) AppleWebKit/537.36 (KHTML, like Gecko) Chrome/74.0.3729.172 Safari/537.36 Vivaldi/2.5.1525.48"
::1 - - [25/Jul/2019:21:58:23 +0000] "GET /addresstype/ HTTP/1.1" 304 - "http://localhost:4200/" "Mozilla/5.0 (Windows NT 10.0; Win64; x64) AppleWebKit/537.36 (KHTML, like Gecko) Chrome/74.0.3729.172 Safari/537.36 Vivaldi/2.5.1525.48"
::1 - - [25/Jul/2019:21:59:56 +0000] "GET /addresstype/ HTTP/1.1" 304 - "http://localhost:4200/" "Mozilla/5.0 (Windows NT 10.0; Win64; x64) AppleWebKit/537.36 (KHTML, like Gecko) Chrome/74.0.3729.172 Safari/537.36 Vivaldi/2.5.1525.48"
::1 - - [25/Jul/2019:22:00:54 +0000] "GET /addresstype/ HTTP/1.1" 304 - "http://localhost:4200/" "Mozilla/5.0 (Windows NT 10.0; Win64; x64) AppleWebKit/537.36 (KHTML, like Gecko) Chrome/74.0.3729.172 Safari/537.36 Vivaldi/2.5.1525.48"
::1 - - [25/Jul/2019:22:01:17 +0000] "GET /addresstype/ HTTP/1.1" 304 - "http://localhost:4200/" "Mozilla/5.0 (Windows NT 10.0; Win64; x64) AppleWebKit/537.36 (KHTML, like Gecko) Chrome/74.0.3729.172 Safari/537.36 Vivaldi/2.5.1525.48"
::1 - - [25/Jul/2019:22:01:20 +0000] "GET /addresstype/name/ HTTP/1.1" 200 7137 "http://localhost:4200/" "Mozilla/5.0 (Windows NT 10.0; Win64; x64) AppleWebKit/537.36 (KHTML, like Gecko) Chrome/74.0.3729.172 Safari/537.36 Vivaldi/2.5.1525.48"
::1 - - [25/Jul/2019:22:01:23 +0000] "GET /addresstype/name/ HTTP/1.1" 200 7137 "http://localhost:4200/" "Mozilla/5.0 (Windows NT 10.0; Win64; x64) AppleWebKit/537.36 (KHTML, like Gecko) Chrome/74.0.3729.172 Safari/537.36 Vivaldi/2.5.1525.48"
::1 - - [25/Jul/2019:22:01:24 +0000] "GET /addresstype/ HTTP/1.1" 304 - "http://localhost:4200/" "Mozilla/5.0 (Windows NT 10.0; Win64; x64) AppleWebKit/537.36 (KHTML, like Gecko) Chrome/74.0.3729.172 Safari/537.36 Vivaldi/2.5.1525.48"
::1 - - [25/Jul/2019:22:01:27 +0000] "GET /addresstype/name/ HTTP/1.1" 200 7137 "http://localhost:4200/" "Mozilla/5.0 (Windows NT 10.0; Win64; x64) AppleWebKit/537.36 (KHTML, like Gecko) Chrome/74.0.3729.172 Safari/537.36 Vivaldi/2.5.1525.48"
::1 - - [25/Jul/2019:22:01:31 +0000] "GET /addresstype/ HTTP/1.1" 304 - "http://localhost:4200/" "Mozilla/5.0 (Windows NT 10.0; Win64; x64) AppleWebKit/537.36 (KHTML, like Gecko) Chrome/74.0.3729.172 Safari/537.36 Vivaldi/2.5.1525.48"
::1 - - [25/Jul/2019:22:01:37 +0000] "GET /addresstype/name/cob HTTP/1.1" 404 159 "-" "Mozilla/5.0 (Windows NT 10.0; Win64; x64) AppleWebKit/537.36 (KHTML, like Gecko) Chrome/74.0.3729.172 Safari/537.36 Vivaldi/2.5.1525.48"
::1 - - [25/Jul/2019:22:03:43 +0000] "GET /addresstype/name/cob HTTP/1.1" 200 7150 "-" "Mozilla/5.0 (Windows NT 10.0; Win64; x64) AppleWebKit/537.36 (KHTML, like Gecko) Chrome/74.0.3729.172 Safari/537.36 Vivaldi/2.5.1525.48"
::1 - - [25/Jul/2019:22:04:30 +0000] "GET /addresstype/name/cob HTTP/1.1" 200 117 "-" "Mozilla/5.0 (Windows NT 10.0; Win64; x64) AppleWebKit/537.36 (KHTML, like Gecko) Chrome/74.0.3729.172 Safari/537.36 Vivaldi/2.5.1525.48"
::1 - - [25/Jul/2019:22:04:37 +0000] "GET /addresstype/name/ HTTP/1.1" 200 7137 "http://localhost:4200/" "Mozilla/5.0 (Windows NT 10.0; Win64; x64) AppleWebKit/537.36 (KHTML, like Gecko) Chrome/74.0.3729.172 Safari/537.36 Vivaldi/2.5.1525.48"
::1 - - [25/Jul/2019:22:05:14 +0000] "GET /addresstype/ HTTP/1.1" 304 - "http://localhost:4200/" "Mozilla/5.0 (Windows NT 10.0; Win64; x64) AppleWebKit/537.36 (KHTML, like Gecko) Chrome/74.0.3729.172 Safari/537.36 Vivaldi/2.5.1525.48"
::1 - - [25/Jul/2019:22:05:49 +0000] "GET /addresstype/ HTTP/1.1" 304 - "http://localhost:4200/" "Mozilla/5.0 (Windows NT 10.0; Win64; x64) AppleWebKit/537.36 (KHTML, like Gecko) Chrome/74.0.3729.172 Safari/537.36 Vivaldi/2.5.1525.48"
::1 - - [25/Jul/2019:22:05:53 +0000] "GET /addresstype/name/cob HTTP/1.1" 304 - "http://localhost:4200/" "Mozilla/5.0 (Windows NT 10.0; Win64; x64) AppleWebKit/537.36 (KHTML, like Gecko) Chrome/74.0.3729.172 Safari/537.36 Vivaldi/2.5.1525.48"
::1 - - [25/Jul/2019:22:05:56 +0000] "GET /addresstype/name/entr HTTP/1.1" 200 115 "http://localhost:4200/" "Mozilla/5.0 (Windows NT 10.0; Win64; x64) AppleWebKit/537.36 (KHTML, like Gecko) Chrome/74.0.3729.172 Safari/537.36 Vivaldi/2.5.1525.48"
::1 - - [25/Jul/2019:22:05:57 +0000] "GET /addresstype/ HTTP/1.1" 304 - "http://localhost:4200/" "Mozilla/5.0 (Windows NT 10.0; Win64; x64) AppleWebKit/537.36 (KHTML, like Gecko) Chrome/74.0.3729.172 Safari/537.36 Vivaldi/2.5.1525.48"
::1 - - [25/Jul/2019:22:06:13 +0000] "GET /addresstype/name/cob HTTP/1.1" 304 - "http://localhost:4200/" "Mozilla/5.0 (Windows NT 10.0; Win64; x64) AppleWebKit/537.36 (KHTML, like Gecko) Chrome/74.0.3729.172 Safari/537.36 Vivaldi/2.5.1525.48"
::1 - - [25/Jul/2019:22:06:15 +0000] "GET /addresstype/ HTTP/1.1" 304 - "http://localhost:4200/" "Mozilla/5.0 (Windows NT 10.0; Win64; x64) AppleWebKit/537.36 (KHTML, like Gecko) Chrome/74.0.3729.172 Safari/537.36 Vivaldi/2.5.1525.48"
::1 - - [25/Jul/2019:22:06:17 +0000] "GET /addresstype/name/ent HTTP/1.1" 200 115 "http://localhost:4200/" "Mozilla/5.0 (Windows NT 10.0; Win64; x64) AppleWebKit/537.36 (KHTML, like Gecko) Chrome/74.0.3729.172 Safari/537.36 Vivaldi/2.5.1525.48"
::1 - - [25/Jul/2019:22:06:18 +0000] "GET /addresstype/ HTTP/1.1" 304 - "http://localhost:4200/" "Mozilla/5.0 (Windows NT 10.0; Win64; x64) AppleWebKit/537.36 (KHTML, like Gecko) Chrome/74.0.3729.172 Safari/537.36 Vivaldi/2.5.1525.48"
::1 - - [25/Jul/2019:22:06:21 +0000] "GET /addresstype/name/cob HTTP/1.1" 304 - "http://localhost:4200/" "Mozilla/5.0 (Windows NT 10.0; Win64; x64) AppleWebKit/537.36 (KHTML, like Gecko) Chrome/74.0.3729.172 Safari/537.36 Vivaldi/2.5.1525.48"
::1 - - [25/Jul/2019:22:06:24 +0000] "GET /addresstype/active/ HTTP/1.1" 304 - "http://localhost:4200/" "Mozilla/5.0 (Windows NT 10.0; Win64; x64) AppleWebKit/537.36 (KHTML, like Gecko) Chrome/74.0.3729.172 Safari/537.36 Vivaldi/2.5.1525.48"
::1 - - [25/Jul/2019:22:06:28 +0000] "GET /addresstype/ HTTP/1.1" 304 - "http://localhost:4200/" "Mozilla/5.0 (Windows NT 10.0; Win64; x64) AppleWebKit/537.36 (KHTML, like Gecko) Chrome/74.0.3729.172 Safari/537.36 Vivaldi/2.5.1525.48"
::1 - - [25/Jul/2019:22:06:30 +0000] "GET /addresstype/active/ HTTP/1.1" 304 - "http://localhost:4200/" "Mozilla/5.0 (Windows NT 10.0; Win64; x64) AppleWebKit/537.36 (KHTML, like Gecko) Chrome/74.0.3729.172 Safari/537.36 Vivaldi/2.5.1525.48"
::1 - - [25/Jul/2019:22:06:31 +0000] "GET /addresstype/ HTTP/1.1" 304 - "http://localhost:4200/" "Mozilla/5.0 (Windows NT 10.0; Win64; x64) AppleWebKit/537.36 (KHTML, like Gecko) Chrome/74.0.3729.172 Safari/537.36 Vivaldi/2.5.1525.48"
::1 - - [25/Jul/2019:22:06:34 +0000] "GET /addresstype/78 HTTP/1.1" 200 115 "http://localhost:4200/" "Mozilla/5.0 (Windows NT 10.0; Win64; x64) AppleWebKit/537.36 (KHTML, like Gecko) Chrome/74.0.3729.172 Safari/537.36 Vivaldi/2.5.1525.48"
::1 - - [25/Jul/2019:22:06:37 +0000] "PUT /addresstype HTTP/1.1" 200 114 "http://localhost:4200/" "Mozilla/5.0 (Windows NT 10.0; Win64; x64) AppleWebKit/537.36 (KHTML, like Gecko) Chrome/74.0.3729.172 Safari/537.36 Vivaldi/2.5.1525.48"
::1 - - [25/Jul/2019:22:06:37 +0000] "GET /addresstype/ HTTP/1.1" 200 185 "http://localhost:4200/" "Mozilla/5.0 (Windows NT 10.0; Win64; x64) AppleWebKit/537.36 (KHTML, like Gecko) Chrome/74.0.3729.172 Safari/537.36 Vivaldi/2.5.1525.48"
::1 - - [25/Jul/2019:22:06:41 +0000] "GET /addresstype/name/cob HTTP/1.1" 200 116 "http://localhost:4200/" "Mozilla/5.0 (Windows NT 10.0; Win64; x64) AppleWebKit/537.36 (KHTML, like Gecko) Chrome/74.0.3729.172 Safari/537.36 Vivaldi/2.5.1525.48"
::1 - - [25/Jul/2019:22:06:44 +0000] "GET /addresstype/active/ HTTP/1.1" 200 116 "http://localhost:4200/" "Mozilla/5.0 (Windows NT 10.0; Win64; x64) AppleWebKit/537.36 (KHTML, like Gecko) Chrome/74.0.3729.172 Safari/537.36 Vivaldi/2.5.1525.48"
::1 - - [25/Jul/2019:22:06:45 +0000] "GET /addresstype/ HTTP/1.1" 304 - "http://localhost:4200/" "Mozilla/5.0 (Windows NT 10.0; Win64; x64) AppleWebKit/537.36 (KHTML, like Gecko) Chrome/74.0.3729.172 Safari/537.36 Vivaldi/2.5.1525.48"
::1 - - [25/Jul/2019:22:06:47 +0000] "GET /addresstype/name/ent HTTP/1.1" 304 - "http://localhost:4200/" "Mozilla/5.0 (Windows NT 10.0; Win64; x64) AppleWebKit/537.36 (KHTML, like Gecko) Chrome/74.0.3729.172 Safari/537.36 Vivaldi/2.5.1525.48"
::1 - - [25/Jul/2019:22:06:49 +0000] "GET /addresstype/active/ HTTP/1.1" 304 - "http://localhost:4200/" "Mozilla/5.0 (Windows NT 10.0; Win64; x64) AppleWebKit/537.36 (KHTML, like Gecko) Chrome/74.0.3729.172 Safari/537.36 Vivaldi/2.5.1525.48"
::1 - - [25/Jul/2019:22:07:09 +0000] "GET /addresstype/ HTTP/1.1" 304 - "http://localhost:4200/" "Mozilla/5.0 (Windows NT 10.0; Win64; x64) AppleWebKit/537.36 (KHTML, like Gecko) Chrome/74.0.3729.172 Safari/537.36 Vivaldi/2.5.1525.48"
